[debug] [2024-06-29T12:26:55.761Z] ----------------------------------------------------------------------
[debug] [2024-06-29T12:26:55.764Z] Command:       C:\Program Files\nodejs\node.exe C:\Users\dell\AppData\Roaming\npm\node_modules\firebase-tools\lib\bin\firebase.js init hosting
[debug] [2024-06-29T12:26:55.764Z] CLI Version:   13.12.0
[debug] [2024-06-29T12:26:55.765Z] Platform:      win32
[debug] [2024-06-29T12:26:55.765Z] Node Version:  v20.15.0
[debug] [2024-06-29T12:26:55.765Z] Time:          Sat Jun 29 2024 05:26:55 GMT-0700 (Pacific Daylight Time)
[debug] [2024-06-29T12:26:55.765Z] ----------------------------------------------------------------------
[debug] 
[debug] [2024-06-29T12:26:55.773Z] > command requires scopes: ["email","openid","https://www.googleapis.com/auth/cloudplatformprojects.readonly","https://www.googleapis.com/auth/firebase","https://www.googleapis.com/auth/cloud-platform"]
[debug] [2024-06-29T12:26:55.774Z] > authorizing via signed-in user (mamoonaishaq20@gmail.com)
[info] 
     ######## #### ########  ######## ########     ###     ######  ########
     ##        ##  ##     ## ##       ##     ##  ##   ##  ##       ##
     ######    ##  ########  ######   ########  #########  ######  ######
     ##        ##  ##    ##  ##       ##     ## ##     ##       ## ##
     ##       #### ##     ## ######## ########  ##     ##  ######  ########

You're about to initialize a Firebase project in this directory:

  C:\Users\dell\Desktop

[info] 
=== Project Setup
[info] 
[info] First, let's associate this project directory with a Firebase project.
[info] You can create multiple project aliases by running firebase use --add, 
[info] but for now we'll just set up a default project.
[info] 
